============================= test session starts ==============================
platform linux -- Python 3.13.2, pytest-8.3.5, pluggy-1.5.0
rootdir: /home/pranjal/sem6_courses/stt/month2/lab6/algorithms
collected 387 items / 1 error

==================================== ERRORS ====================================
_____________________ ERROR collecting tests/test_array.py _____________________
temp/lib/python3.13/site-packages/_pytest/python.py:493: in importtestmodule
    mod = import_path(
temp/lib/python3.13/site-packages/_pytest/pathlib.py:587: in import_path
    importlib.import_module(module_name)
/usr/lib/python3.13/importlib/__init__.py:88: in import_module
    return _bootstrap._gcd_import(name[level:], package, level)
<frozen importlib._bootstrap>:1387: in _gcd_import
    ???
<frozen importlib._bootstrap>:1360: in _find_and_load
    ???
<frozen importlib._bootstrap>:1331: in _find_and_load_unlocked
    ???
<frozen importlib._bootstrap>:935: in _load_unlocked
    ???
temp/lib/python3.13/site-packages/_pytest/assertion/rewrite.py:176: in exec_module
    source_stat, co = _rewrite_test(fn, self.config)
temp/lib/python3.13/site-packages/_pytest/assertion/rewrite.py:356: in _rewrite_test
    tree = ast.parse(source, filename=strfn)
/usr/lib/python3.13/ast.py:54: in parse
    return compile(source, filename, mode, flags,
E     File "/home/pranjal/sem6_courses/stt/month2/lab6/algorithms/tests/test_array.py", line 13
E       rotate_v1, rotate_v2, rotate_v3,
E       ^^^^^^^^^
E   SyntaxError: invalid syntax
=========================== short test summary info ============================
ERROR tests/test_array.py
!!!!!!!!!!!!!!!!!!!! Interrupted: 1 error during collection !!!!!!!!!!!!!!!!!!!!
=============================== 1 error in 0.32s ===============================

real	0m0.511s
user	0m0.480s
sys	0m0.030s
